<?xml version="1.0" encoding="UTF-8"?>
<coverage generated="1748988070972" clover="3.2.0">
  <project timestamp="1748988070972" name="All files">
    <metrics statements="46" coveredstatements="8" conditionals="38" coveredconditionals="2" methods="18" coveredmethods="3" elements="102" coveredelements="13" complexity="0" loc="46" ncloc="46" packages="1" files="1" classes="1"/>
    <file name="LoginPage.jsx" path="/Users/carsonolander/CSC307/move-n-stuff/packages/frontend/src/pages/LoginPage.jsx">
      <metrics statements="46" coveredstatements="8" conditionals="38" coveredconditionals="2" methods="18" coveredmethods="3"/>
      <line num="10" count="1" type="stmt"/>
      <line num="12" count="1" type="stmt"/>
      <line num="17" count="1" type="stmt"/>
      <line num="24" count="1" type="stmt"/>
      <line num="32" count="1" type="stmt"/>
      <line num="36" count="0" type="stmt"/>
      <line num="39" count="0" type="stmt"/>
      <line num="41" count="0" type="cond" truecount="0" falsecount="2"/>
      <line num="43" count="0" type="cond" truecount="0" falsecount="2"/>
      <line num="45" count="0" type="cond" truecount="0" falsecount="2"/>
      <line num="47" count="0" type="stmt"/>
      <line num="48" count="0" type="stmt"/>
      <line num="51" count="0" type="stmt"/>
      <line num="60" count="0" type="stmt"/>
      <line num="65" count="0" type="stmt"/>
      <line num="66" count="0" type="cond" truecount="0" falsecount="2"/>
      <line num="67" count="0" type="stmt"/>
      <line num="68" count="0" type="cond" truecount="0" falsecount="2"/>
      <line num="69" count="0" type="stmt"/>
      <line num="72" count="0" type="cond" truecount="0" falsecount="2"/>
      <line num="73" count="0" type="stmt"/>
      <line num="79" count="0" type="stmt"/>
      <line num="81" count="0" type="cond" truecount="0" falsecount="2"/>
      <line num="82" count="0" type="stmt"/>
      <line num="84" count="0" type="cond" truecount="0" falsecount="2"/>
      <line num="85" count="0" type="stmt"/>
      <line num="88" count="0" type="stmt"/>
      <line num="89" count="0" type="stmt"/>
      <line num="90" count="0" type="stmt"/>
      <line num="91" count="0" type="cond" truecount="0" falsecount="2"/>
      <line num="93" count="0" type="cond" truecount="0" falsecount="2"/>
      <line num="94" count="0" type="stmt"/>
      <line num="95" count="0" type="stmt"/>
      <line num="99" count="0" type="stmt"/>
      <line num="101" count="0" type="cond" truecount="0" falsecount="2"/>
      <line num="102" count="0" type="stmt"/>
      <line num="104" count="0" type="cond" truecount="0" falsecount="2"/>
      <line num="105" count="0" type="stmt"/>
      <line num="109" count="0" type="stmt"/>
      <line num="112" count="0" type="stmt"/>
      <line num="117" count="1" type="stmt"/>
      <line num="149" count="1" type="stmt"/>
      <line num="183" count="1" type="stmt"/>
      <line num="188" count="0" type="stmt"/>
      <line num="196" count="0" type="stmt"/>
      <line num="198" count="0" type="stmt"/>
    </file>
  </project>
</coverage>
