{
  "/Users/carsonolander/CSC307/move-n-stuff/packages/frontend/src/pages/LoginPage.jsx": {
    "path": "/Users/carsonolander/CSC307/move-n-stuff/packages/frontend/src/pages/LoginPage.jsx",
    "statementMap": {
      "0": {
        "start": { "line": 10, "column": 26 },
        "end": { "line": 10, "column": 43 }
      },
      "1": {
        "start": { "line": 12, "column": 38 },
        "end": { "line": 15, "column": 4 }
      },
      "2": {
        "start": { "line": 17, "column": 40 },
        "end": { "line": 21, "column": 4 }
      },
      "3": {
        "start": { "line": 24, "column": 26 },
        "end": { "line": 30, "column": 4 }
      },
      "4": {
        "start": { "line": 32, "column": 19 },
        "end": { "line": 32, "column": 32 }
      },
      "5": {
        "start": { "line": 36, "column": 22 },
        "end": { "line": 36, "column": 42 }
      },
      "6": {
        "start": { "line": 39, "column": 22 },
        "end": { "line": 39, "column": 42 }
      },
      "7": {
        "start": { "line": 41, "column": 21 },
        "end": { "line": 41, "column": 67 }
      },
      "8": {
        "start": { "line": 41, "column": 44 },
        "end": { "line": 41, "column": 66 }
      },
      "9": {
        "start": { "line": 43, "column": 21 },
        "end": { "line": 43, "column": 67 }
      },
      "10": {
        "start": { "line": 43, "column": 44 },
        "end": { "line": 43, "column": 66 }
      },
      "11": {
        "start": { "line": 45, "column": 22 },
        "end": { "line": 45, "column": 68 }
      },
      "12": {
        "start": { "line": 45, "column": 45 },
        "end": { "line": 45, "column": 67 }
      },
      "13": {
        "start": { "line": 47, "column": 21 },
        "end": { "line": 47, "column": 51 }
      },
      "14": {
        "start": { "line": 48, "column": 23 },
        "end": { "line": 48, "column": 68 }
      },
      "15": {
        "start": { "line": 48, "column": 46 },
        "end": { "line": 48, "column": 67 }
      },
      "16": {
        "start": { "line": 51, "column": 24 },
        "end": { "line": 57, "column": 5 }
      },
      "17": {
        "start": { "line": 60, "column": 4 },
        "end": { "line": 60, "column": 25 }
      },
      "18": {
        "start": { "line": 65, "column": 28 },
        "end": { "line": 65, "column": 36 }
      },
      "19": {
        "start": { "line": 66, "column": 4 },
        "end": { "line": 75, "column": 5 }
      },
      "20": {
        "start": { "line": 67, "column": 6 },
        "end": { "line": 67, "column": 54 }
      },
      "21": {
        "start": { "line": 68, "column": 11 },
        "end": { "line": 75, "column": 5 }
      },
      "22": {
        "start": { "line": 69, "column": 6 },
        "end": { "line": 69, "column": 56 }
      },
      "23": {
        "start": { "line": 72, "column": 6 },
        "end": { "line": 74, "column": 7 }
      },
      "24": {
        "start": { "line": 73, "column": 8 },
        "end": { "line": 73, "column": 36 }
      },
      "25": {
        "start": { "line": 79, "column": 4 },
        "end": { "line": 79, "column": 23 }
      },
      "26": {
        "start": { "line": 81, "column": 4 },
        "end": { "line": 114, "column": 5 }
      },
      "27": {
        "start": { "line": 82, "column": 6 },
        "end": { "line": 88, "column": 44 }
      },
      "28": {
        "start": { "line": 84, "column": 10 },
        "end": { "line": 86, "column": 11 }
      },
      "29": {
        "start": { "line": 85, "column": 12 },
        "end": { "line": 85, "column": 36 }
      },
      "30": {
        "start": { "line": 88, "column": 24 },
        "end": { "line": 88, "column": 42 }
      },
      "31": {
        "start": { "line": 89, "column": 6 },
        "end": { "line": 89, "column": 52 }
      },
      "32": {
        "start": { "line": 90, "column": 6 },
        "end": { "line": 90, "column": 13 }
      },
      "33": {
        "start": { "line": 91, "column": 11 },
        "end": { "line": 114, "column": 5 }
      },
      "34": {
        "start": { "line": 93, "column": 6 },
        "end": { "line": 96, "column": 7 }
      },
      "35": {
        "start": { "line": 94, "column": 8 },
        "end": { "line": 94, "column": 41 }
      },
      "36": {
        "start": { "line": 95, "column": 8 },
        "end": { "line": 95, "column": 15 }
      },
      "37": {
        "start": { "line": 99, "column": 27 },
        "end": { "line": 99, "column": 46 }
      },
      "38": {
        "start": { "line": 101, "column": 6 },
        "end": { "line": 113, "column": 7 }
      },
      "39": {
        "start": { "line": 101, "column": 38 },
        "end": { "line": 101, "column": 50 }
      },
      "40": {
        "start": { "line": 102, "column": 8 },
        "end": { "line": 110, "column": 13 }
      },
      "41": {
        "start": { "line": 104, "column": 12 },
        "end": { "line": 106, "column": 13 }
      },
      "42": {
        "start": { "line": 105, "column": 14 },
        "end": { "line": 105, "column": 38 }
      },
      "43": {
        "start": { "line": 109, "column": 12 },
        "end": { "line": 109, "column": 29 }
      },
      "44": {
        "start": { "line": 112, "column": 8 },
        "end": { "line": 112, "column": 58 }
      },
      "45": {
        "start": { "line": 117, "column": 2 },
        "end": { "line": 145, "column": 4 }
      },
      "46": {
        "start": { "line": 149, "column": 2 },
        "end": { "line": 179, "column": 4 }
      },
      "47": {
        "start": { "line": 183, "column": 2 },
        "end": { "line": 192, "column": 4 }
      },
      "48": {
        "start": { "line": 188, "column": 56 },
        "end": { "line": 188, "column": 76 }
      },
      "49": {
        "start": { "line": 196, "column": 2 },
        "end": { "line": 265, "column": 4 }
      },
      "50": {
        "start": { "line": 198, "column": 55 },
        "end": { "line": 198, "column": 74 }
      }
    },
    "fnMap": {
      "0": {
        "name": "LoginPage",
        "decl": {
          "start": { "line": 8, "column": 9 },
          "end": { "line": 8, "column": 18 }
        },
        "loc": {
          "start": { "line": 8, "column": 56 },
          "end": { "line": 146, "column": 1 }
        },
        "line": 8
      },
      "1": {
        "name": "validateRequirements",
        "decl": {
          "start": { "line": 34, "column": 11 },
          "end": { "line": 34, "column": 31 }
        },
        "loc": {
          "start": { "line": 34, "column": 42 },
          "end": { "line": 61, "column": 3 }
        },
        "line": 34
      },
      "2": {
        "name": "(anonymous_2)",
        "decl": {
          "start": { "line": 41, "column": 36 },
          "end": { "line": 41, "column": 37 }
        },
        "loc": {
          "start": { "line": 41, "column": 44 },
          "end": { "line": 41, "column": 66 }
        },
        "line": 41
      },
      "3": {
        "name": "(anonymous_3)",
        "decl": {
          "start": { "line": 43, "column": 36 },
          "end": { "line": 43, "column": 37 }
        },
        "loc": {
          "start": { "line": 43, "column": 44 },
          "end": { "line": 43, "column": 66 }
        },
        "line": 43
      },
      "4": {
        "name": "(anonymous_4)",
        "decl": {
          "start": { "line": 45, "column": 37 },
          "end": { "line": 45, "column": 38 }
        },
        "loc": {
          "start": { "line": 45, "column": 45 },
          "end": { "line": 45, "column": 67 }
        },
        "line": 45
      },
      "5": {
        "name": "(anonymous_5)",
        "decl": {
          "start": { "line": 48, "column": 38 },
          "end": { "line": 48, "column": 39 }
        },
        "loc": {
          "start": { "line": 48, "column": 46 },
          "end": { "line": 48, "column": 67 }
        },
        "line": 48
      },
      "6": {
        "name": "handleChange",
        "decl": {
          "start": { "line": 63, "column": 11 },
          "end": { "line": 63, "column": 23 }
        },
        "loc": {
          "start": { "line": 63, "column": 27 },
          "end": { "line": 76, "column": 3 }
        },
        "line": 63
      },
      "7": {
        "name": "handleSubmit",
        "decl": {
          "start": { "line": 78, "column": 11 },
          "end": { "line": 78, "column": 23 }
        },
        "loc": {
          "start": { "line": 78, "column": 27 },
          "end": { "line": 115, "column": 3 }
        },
        "line": 78
      },
      "8": {
        "name": "(anonymous_8)",
        "decl": {
          "start": { "line": 83, "column": 14 },
          "end": { "line": 83, "column": 15 }
        },
        "loc": {
          "start": { "line": 83, "column": 23 },
          "end": { "line": 87, "column": 9 }
        },
        "line": 83
      },
      "9": {
        "name": "(anonymous_9)",
        "decl": {
          "start": { "line": 88, "column": 15 },
          "end": { "line": 88, "column": 16 }
        },
        "loc": {
          "start": { "line": 88, "column": 24 },
          "end": { "line": 88, "column": 42 }
        },
        "line": 88
      },
      "10": {
        "name": "(anonymous_10)",
        "decl": {
          "start": { "line": 101, "column": 29 },
          "end": { "line": 101, "column": 30 }
        },
        "loc": {
          "start": { "line": 101, "column": 38 },
          "end": { "line": 101, "column": 50 }
        },
        "line": 101
      },
      "11": {
        "name": "(anonymous_11)",
        "decl": {
          "start": { "line": 103, "column": 16 },
          "end": { "line": 103, "column": 17 }
        },
        "loc": {
          "start": { "line": 103, "column": 25 },
          "end": { "line": 107, "column": 11 }
        },
        "line": 103
      },
      "12": {
        "name": "(anonymous_12)",
        "decl": {
          "start": { "line": 108, "column": 17 },
          "end": { "line": 108, "column": 18 }
        },
        "loc": {
          "start": { "line": 108, "column": 26 },
          "end": { "line": 110, "column": 11 }
        },
        "line": 108
      },
      "13": {
        "name": "LoginForm",
        "decl": {
          "start": { "line": 148, "column": 9 },
          "end": { "line": 148, "column": 18 }
        },
        "loc": {
          "start": { "line": 148, "column": 50 },
          "end": { "line": 180, "column": 1 }
        },
        "line": 148
      },
      "14": {
        "name": "SignUpPanel",
        "decl": {
          "start": { "line": 182, "column": 9 },
          "end": { "line": 182, "column": 20 }
        },
        "loc": {
          "start": { "line": 182, "column": 37 },
          "end": { "line": 193, "column": 1 }
        },
        "line": 182
      },
      "15": {
        "name": "(anonymous_15)",
        "decl": {
          "start": { "line": 188, "column": 50 },
          "end": { "line": 188, "column": 51 }
        },
        "loc": {
          "start": { "line": 188, "column": 56 },
          "end": { "line": 188, "column": 76 }
        },
        "line": 188
      },
      "16": {
        "name": "SignUpModal",
        "decl": {
          "start": { "line": 195, "column": 9 },
          "end": { "line": 195, "column": 20 }
        },
        "loc": {
          "start": { "line": 195, "column": 70 },
          "end": { "line": 266, "column": 1 }
        },
        "line": 195
      },
      "17": {
        "name": "(anonymous_17)",
        "decl": {
          "start": { "line": 198, "column": 49 },
          "end": { "line": 198, "column": 50 }
        },
        "loc": {
          "start": { "line": 198, "column": 55 },
          "end": { "line": 198, "column": 74 }
        },
        "line": 198
      }
    },
    "branchMap": {
      "0": {
        "loc": {
          "start": { "line": 41, "column": 44 },
          "end": { "line": 41, "column": 66 }
        },
        "type": "binary-expr",
        "locations": [
          {
            "start": { "line": 41, "column": 44 },
            "end": { "line": 41, "column": 53 }
          },
          {
            "start": { "line": 41, "column": 57 },
            "end": { "line": 41, "column": 66 }
          }
        ],
        "line": 41
      },
      "1": {
        "loc": {
          "start": { "line": 43, "column": 44 },
          "end": { "line": 43, "column": 66 }
        },
        "type": "binary-expr",
        "locations": [
          {
            "start": { "line": 43, "column": 44 },
            "end": { "line": 43, "column": 53 }
          },
          {
            "start": { "line": 43, "column": 57 },
            "end": { "line": 43, "column": 66 }
          }
        ],
        "line": 43
      },
      "2": {
        "loc": {
          "start": { "line": 45, "column": 45 },
          "end": { "line": 45, "column": 67 }
        },
        "type": "binary-expr",
        "locations": [
          {
            "start": { "line": 45, "column": 45 },
            "end": { "line": 45, "column": 54 }
          },
          {
            "start": { "line": 45, "column": 58 },
            "end": { "line": 45, "column": 67 }
          }
        ],
        "line": 45
      },
      "3": {
        "loc": {
          "start": { "line": 66, "column": 4 },
          "end": { "line": 75, "column": 5 }
        },
        "type": "if",
        "locations": [
          {
            "start": { "line": 66, "column": 4 },
            "end": { "line": 75, "column": 5 }
          },
          {
            "start": { "line": 68, "column": 11 },
            "end": { "line": 75, "column": 5 }
          }
        ],
        "line": 66
      },
      "4": {
        "loc": {
          "start": { "line": 68, "column": 11 },
          "end": { "line": 75, "column": 5 }
        },
        "type": "if",
        "locations": [
          {
            "start": { "line": 68, "column": 11 },
            "end": { "line": 75, "column": 5 }
          },
          { "start": {}, "end": {} }
        ],
        "line": 68
      },
      "5": {
        "loc": {
          "start": { "line": 72, "column": 6 },
          "end": { "line": 74, "column": 7 }
        },
        "type": "if",
        "locations": [
          {
            "start": { "line": 72, "column": 6 },
            "end": { "line": 74, "column": 7 }
          },
          { "start": {}, "end": {} }
        ],
        "line": 72
      },
      "6": {
        "loc": {
          "start": { "line": 81, "column": 4 },
          "end": { "line": 114, "column": 5 }
        },
        "type": "if",
        "locations": [
          {
            "start": { "line": 81, "column": 4 },
            "end": { "line": 114, "column": 5 }
          },
          {
            "start": { "line": 91, "column": 11 },
            "end": { "line": 114, "column": 5 }
          }
        ],
        "line": 81
      },
      "7": {
        "loc": {
          "start": { "line": 84, "column": 10 },
          "end": { "line": 86, "column": 11 }
        },
        "type": "if",
        "locations": [
          {
            "start": { "line": 84, "column": 10 },
            "end": { "line": 86, "column": 11 }
          },
          { "start": {}, "end": {} }
        ],
        "line": 84
      },
      "8": {
        "loc": {
          "start": { "line": 91, "column": 11 },
          "end": { "line": 114, "column": 5 }
        },
        "type": "if",
        "locations": [
          {
            "start": { "line": 91, "column": 11 },
            "end": { "line": 114, "column": 5 }
          },
          { "start": {}, "end": {} }
        ],
        "line": 91
      },
      "9": {
        "loc": {
          "start": { "line": 93, "column": 6 },
          "end": { "line": 96, "column": 7 }
        },
        "type": "if",
        "locations": [
          {
            "start": { "line": 93, "column": 6 },
            "end": { "line": 96, "column": 7 }
          },
          { "start": {}, "end": {} }
        ],
        "line": 93
      },
      "10": {
        "loc": {
          "start": { "line": 101, "column": 6 },
          "end": { "line": 113, "column": 7 }
        },
        "type": "if",
        "locations": [
          {
            "start": { "line": 101, "column": 6 },
            "end": { "line": 113, "column": 7 }
          },
          {
            "start": { "line": 111, "column": 13 },
            "end": { "line": 113, "column": 7 }
          }
        ],
        "line": 101
      },
      "11": {
        "loc": {
          "start": { "line": 104, "column": 12 },
          "end": { "line": 106, "column": 13 }
        },
        "type": "if",
        "locations": [
          {
            "start": { "line": 104, "column": 12 },
            "end": { "line": 106, "column": 13 }
          },
          { "start": {}, "end": {} }
        ],
        "line": 104
      },
      "12": {
        "loc": {
          "start": { "line": 120, "column": 41 },
          "end": { "line": 120, "column": 75 }
        },
        "type": "cond-expr",
        "locations": [
          {
            "start": { "line": 120, "column": 61 },
            "end": { "line": 120, "column": 70 }
          },
          {
            "start": { "line": 120, "column": 73 },
            "end": { "line": 120, "column": 75 }
          }
        ],
        "line": 120
      },
      "13": {
        "loc": {
          "start": { "line": 133, "column": 7 },
          "end": { "line": 143, "column": 7 }
        },
        "type": "binary-expr",
        "locations": [
          {
            "start": { "line": 133, "column": 7 },
            "end": { "line": 133, "column": 24 }
          },
          {
            "start": { "line": 134, "column": 8 },
            "end": { "line": 142, "column": 14 }
          }
        ],
        "line": 133
      },
      "14": {
        "loc": {
          "start": { "line": 229, "column": 23 },
          "end": { "line": 229, "column": 78 }
        },
        "type": "cond-expr",
        "locations": [
          {
            "start": { "line": 229, "column": 42 },
            "end": { "line": 229, "column": 59 }
          },
          {
            "start": { "line": 229, "column": 62 },
            "end": { "line": 229, "column": 78 }
          }
        ],
        "line": 229
      },
      "15": {
        "loc": {
          "start": { "line": 232, "column": 23 },
          "end": { "line": 232, "column": 77 }
        },
        "type": "cond-expr",
        "locations": [
          {
            "start": { "line": 232, "column": 41 },
            "end": { "line": 232, "column": 58 }
          },
          {
            "start": { "line": 232, "column": 61 },
            "end": { "line": 232, "column": 77 }
          }
        ],
        "line": 232
      },
      "16": {
        "loc": {
          "start": { "line": 235, "column": 23 },
          "end": { "line": 235, "column": 77 }
        },
        "type": "cond-expr",
        "locations": [
          {
            "start": { "line": 235, "column": 41 },
            "end": { "line": 235, "column": 58 }
          },
          {
            "start": { "line": 235, "column": 61 },
            "end": { "line": 235, "column": 77 }
          }
        ],
        "line": 235
      },
      "17": {
        "loc": {
          "start": { "line": 238, "column": 23 },
          "end": { "line": 238, "column": 78 }
        },
        "type": "cond-expr",
        "locations": [
          {
            "start": { "line": 238, "column": 42 },
            "end": { "line": 238, "column": 59 }
          },
          {
            "start": { "line": 238, "column": 62 },
            "end": { "line": 238, "column": 78 }
          }
        ],
        "line": 238
      },
      "18": {
        "loc": {
          "start": { "line": 242, "column": 21 },
          "end": { "line": 242, "column": 77 }
        },
        "type": "cond-expr",
        "locations": [
          {
            "start": { "line": 242, "column": 41 },
            "end": { "line": 242, "column": 58 }
          },
          {
            "start": { "line": 242, "column": 61 },
            "end": { "line": 242, "column": 77 }
          }
        ],
        "line": 242
      }
    },
    "s": {
      "0": 1,
      "1": 1,
      "2": 1,
      "3": 1,
      "4": 1,
      "5": 0,
      "6": 0,
      "7": 0,
      "8": 0,
      "9": 0,
      "10": 0,
      "11": 0,
      "12": 0,
      "13": 0,
      "14": 0,
      "15": 0,
      "16": 0,
      "17": 0,
      "18": 0,
      "19": 0,
      "20": 0,
      "21": 0,
      "22": 0,
      "23": 0,
      "24": 0,
      "25": 0,
      "26": 0,
      "27": 0,
      "28": 0,
      "29": 0,
      "30": 0,
      "31": 0,
      "32": 0,
      "33": 0,
      "34": 0,
      "35": 0,
      "36": 0,
      "37": 0,
      "38": 0,
      "39": 0,
      "40": 0,
      "41": 0,
      "42": 0,
      "43": 0,
      "44": 0,
      "45": 1,
      "46": 1,
      "47": 1,
      "48": 0,
      "49": 0,
      "50": 0
    },
    "f": {
      "0": 1,
      "1": 0,
      "2": 0,
      "3": 0,
      "4": 0,
      "5": 0,
      "6": 0,
      "7": 0,
      "8": 0,
      "9": 0,
      "10": 0,
      "11": 0,
      "12": 0,
      "13": 1,
      "14": 1,
      "15": 0,
      "16": 0,
      "17": 0
    },
    "b": {
      "0": [0, 0],
      "1": [0, 0],
      "2": [0, 0],
      "3": [0, 0],
      "4": [0, 0],
      "5": [0, 0],
      "6": [0, 0],
      "7": [0, 0],
      "8": [0, 0],
      "9": [0, 0],
      "10": [0, 0],
      "11": [0, 0],
      "12": [0, 1],
      "13": [1, 0],
      "14": [0, 0],
      "15": [0, 0],
      "16": [0, 0],
      "17": [0, 0],
      "18": [0, 0]
    },
    "_coverageSchema": "1a1c01bbd47fc00a2c39e90264f33305004495a9",
    "hash": "97436517ced78e2fb5ac399d30c51fb57812b4f0"
  }
}
