TN:
SF:src/pages/LoginPage.jsx
FN:8,LoginPage
FN:34,validateRequirements
FN:41,(anonymous_2)
FN:43,(anonymous_3)
FN:45,(anonymous_4)
FN:48,(anonymous_5)
FN:63,handleChange
FN:78,handleSubmit
FN:83,(anonymous_8)
FN:88,(anonymous_9)
FN:101,(anonymous_10)
FN:103,(anonymous_11)
FN:108,(anonymous_12)
FN:148,LoginForm
FN:182,SignUpPanel
FN:188,(anonymous_15)
FN:195,SignUpModal
FN:198,(anonymous_17)
FNF:18
FNH:3
FNDA:1,LoginPage
FNDA:0,validateRequirements
FNDA:0,(anonymous_2)
FNDA:0,(anonymous_3)
FNDA:0,(anonymous_4)
FNDA:0,(anonymous_5)
FNDA:0,handleChange
FNDA:0,handleSubmit
FNDA:0,(anonymous_8)
FNDA:0,(anonymous_9)
FNDA:0,(anonymous_10)
FNDA:0,(anonymous_11)
FNDA:0,(anonymous_12)
FNDA:1,LoginForm
FNDA:1,SignUpPanel
FNDA:0,(anonymous_15)
FNDA:0,SignUpModal
FNDA:0,(anonymous_17)
DA:10,1
DA:12,1
DA:17,1
DA:24,1
DA:32,1
DA:36,0
DA:39,0
DA:41,0
DA:43,0
DA:45,0
DA:47,0
DA:48,0
DA:51,0
DA:60,0
DA:65,0
DA:66,0
DA:67,0
DA:68,0
DA:69,0
DA:72,0
DA:73,0
DA:79,0
DA:81,0
DA:82,0
DA:84,0
DA:85,0
DA:88,0
DA:89,0
DA:90,0
DA:91,0
DA:93,0
DA:94,0
DA:95,0
DA:99,0
DA:101,0
DA:102,0
DA:104,0
DA:105,0
DA:109,0
DA:112,0
DA:117,1
DA:149,1
DA:183,1
DA:188,0
DA:196,0
DA:198,0
LF:46
LH:8
BRDA:41,0,0,0
BRDA:41,0,1,0
BRDA:43,1,0,0
BRDA:43,1,1,0
BRDA:45,2,0,0
BRDA:45,2,1,0
BRDA:66,3,0,0
BRDA:66,3,1,0
BRDA:68,4,0,0
BRDA:68,4,1,0
BRDA:72,5,0,0
BRDA:72,5,1,0
BRDA:81,6,0,0
BRDA:81,6,1,0
BRDA:84,7,0,0
BRDA:84,7,1,0
BRDA:91,8,0,0
BRDA:91,8,1,0
BRDA:93,9,0,0
BRDA:93,9,1,0
BRDA:101,10,0,0
BRDA:101,10,1,0
BRDA:104,11,0,0
BRDA:104,11,1,0
BRDA:120,12,0,0
BRDA:120,12,1,1
BRDA:133,13,0,1
BRDA:133,13,1,0
BRDA:229,14,0,0
BRDA:229,14,1,0
BRDA:232,15,0,0
BRDA:232,15,1,0
BRDA:235,16,0,0
BRDA:235,16,1,0
BRDA:238,17,0,0
BRDA:238,17,1,0
BRDA:242,18,0,0
BRDA:242,18,1,0
BRF:38
BRH:2
end_of_record
