TN:
SF:src/pages/LoginPage.jsx
FN:8,LoginPage
FN:34,validateRequirements
FN:41,(anonymous_2)
FN:43,(anonymous_3)
FN:45,(anonymous_4)
FN:48,(anonymous_5)
FN:63,handleChange
FN:78,handleSubmit
FN:83,(anonymous_8)
FN:88,(anonymous_9)
FN:101,(anonymous_10)
FN:103,(anonymous_11)
FN:108,(anonymous_12)
FN:148,LoginForm
FN:182,SignUpPanel
FN:188,(anonymous_15)
FN:195,SignUpModal
FN:198,(anonymous_17)
FNF:18
FNH:14
FNDA:15,LoginPage
FNDA:1,validateRequirements
FNDA:2,(anonymous_2)
FNDA:1,(anonymous_3)
FNDA:10,(anonymous_4)
FNDA:11,(anonymous_5)
FNDA:5,handleChange
FNDA:2,handleSubmit
FNDA:1,(anonymous_8)
FNDA:0,(anonymous_9)
FNDA:0,(anonymous_10)
FNDA:0,(anonymous_11)
FNDA:0,(anonymous_12)
FNDA:19,LoginForm
FNDA:16,SignUpPanel
FNDA:2,(anonymous_15)
FNDA:8,SignUpModal
FNDA:1,(anonymous_17)
DA:10,15
DA:12,15
DA:17,15
DA:24,15
DA:32,15
DA:36,1
DA:39,1
DA:41,2
DA:43,1
DA:45,10
DA:47,1
DA:48,11
DA:51,1
DA:60,1
DA:65,5
DA:66,5
DA:67,2
DA:68,3
DA:69,3
DA:72,3
DA:73,1
DA:79,2
DA:81,2
DA:82,1
DA:84,1
DA:85,1
DA:88,0
DA:89,1
DA:90,1
DA:91,1
DA:93,1
DA:94,1
DA:95,1
DA:99,0
DA:101,0
DA:102,0
DA:104,0
DA:105,0
DA:109,0
DA:112,0
DA:117,15
DA:149,19
DA:183,16
DA:188,2
DA:196,8
DA:198,1
LF:46
LH:38
BRDA:41,0,0,2
BRDA:41,0,1,1
BRDA:43,1,0,1
BRDA:43,1,1,1
BRDA:45,2,0,10
BRDA:45,2,1,10
BRDA:66,3,0,2
BRDA:66,3,1,3
BRDA:68,4,0,3
BRDA:68,4,1,0
BRDA:72,5,0,1
BRDA:72,5,1,2
BRDA:81,6,0,1
BRDA:81,6,1,1
BRDA:84,7,0,1
BRDA:84,7,1,0
BRDA:91,8,0,1
BRDA:91,8,1,0
BRDA:93,9,0,1
BRDA:93,9,1,0
BRDA:101,10,0,0
BRDA:101,10,1,0
BRDA:104,11,0,0
BRDA:104,11,1,0
BRDA:120,12,0,5
BRDA:120,12,1,10
BRDA:133,13,0,15
BRDA:133,13,1,5
BRDA:229,14,0,3
BRDA:229,14,1,5
BRDA:232,15,0,3
BRDA:232,15,1,5
BRDA:235,16,0,3
BRDA:235,16,1,5
BRDA:238,17,0,3
BRDA:238,17,1,5
BRDA:242,18,0,3
BRDA:242,18,1,5
BRF:38
BRH:30
end_of_record
